<?xml version="1.0" encoding="UTF-8"?>
<!-- Generated by org.testng.reporters.JUnitReportReporter -->
<testsuite hostname="DESKTOP-07REC6T" failures="0" tests="8" name="test.BookTickets" time="81.457" errors="0" timestamp="2022-07-11T15:24:56 IST" skipped="0">
  <testcase classname="test.BookTickets" name="payment" time="22.689"/>
  <testcase classname="test.BookTickets" name="home_page_test" time="1.569"/>
  <testcase classname="test.BookTickets" name="seatSelection" time="0.603"/>
  <testcase classname="test.BookTickets" name="list_your_show_link_test" time="0.395"/>
  <testcase classname="test.BookTickets" name="form_fill_test" time="25.428"/>
  <testcase classname="test.BookTickets" name="movieDetails" time="1.627"/>
  <testcase classname="test.BookTickets" name="loginOTP" time="14.088"/>
  <testcase classname="test.BookTickets" name="bookTickets" time="15.058"/>
</testsuite> <!-- test.BookTickets -->
