<?xml version="1.0" encoding="UTF-8"?>
<!-- Generated by org.testng.reporters.JUnitReportReporter -->
<testsuite hostname="DESKTOP-07REC6T" failures="0" tests="1" name="test.BookMyShow_Test" time="24.949" errors="0" timestamp="2022-07-11T11:29:06 IST" skipped="0">
  <testcase classname="test.BookMyShow_Test" name="CenterSpeciality" time="24.949"/>
</testsuite> <!-- test.BookMyShow_Test -->
